<?xml version="1.0" encoding="UTF-8"?>
<TestRun id="b9feb7ec-d02b-4fc4-a479-c18920fb0aa6" name="Daniel@DANIEL-INSPIRON 2019-02-17 21:39:20" runUser="DANIEL-INSPIRON\Daniel" xmlns="http://microsoft.com/schemas/VisualStudio/TeamTest/2010">
  <TestSettings name="Default Test Settings" id="2b4ce7fd-bd38-4839-8d21-06b0a2a302a4">
    <Execution>
      <TestTypeSpecific />
      <AgentRule name="Execution Agents">
      </AgentRule>
    </Execution>
    <Deployment runDeploymentRoot="Daniel_DANIEL-INSPIRON 2019-02-17 21_39_20" />
    <Properties />
  </TestSettings>
  <Times creation="2019-02-17T21:39:20.8296253+02:00" queuing="2019-02-17T21:39:21.2076486+02:00" start="2019-02-17T21:39:21.3213092+02:00" finish="2019-02-17T21:39:21.7890593+02:00" />
  <ResultSummary outcome="Failed">
    <Counters total="5" executed="5" passed="4" error="0" failed="1" timeout="0" aborted="0" inconclusive="0" passedButRunAborted="0" notRunnable="0" notExecuted="0" disconnected="0" warning="0" completed="0" inProgress="0" pending="0" />
  </ResultSummary>
  <TestDefinitions>
    <UnitTest name="Add5DoveSoaps" storage="d:\work\inclusivity\shoppingcartdsouchon\unittestproject1\bin\debug\shoppingcartunittests.dll" id="626fd4f1-02ee-0262-d72a-ee093c85720b">
      <Description>Given:• An empty shopping cart • And a product, Dove Soap with a unit price of 39.99 When: • The user adds 5 Dove Soaps to the shopping cart Then: • The shopping cart should contain 5 Dove Soaps each with a unit price of 39.99 • And the shopping cart’s total price should equal 199.95</Description>
      <Execution id="53d55d6d-f21b-4aee-9596-90e636e62576" />
      <TestMethod codeBase="D:/Work/inclusivity/ShoppingCartDSouchon/UnitTestProject1/bin/Debug/ShoppingCartUnitTests.DLL" adapterTypeName="Microsoft.VisualStudio.TestTools.TestTypes.Unit.UnitTestAdapter, Microsoft.VisualStudio.QualityTools.Tips.UnitTest.Adapter, Version=14.0.0.0, Culture=neutral, PublicKeyToken=b03f5f7f11d50a3a" className="UnitTestProject1.Tests, ShoppingCartUnitTests, Version=1.0.0.0, Culture=neutral, PublicKeyToken=null" name="Add5DoveSoaps" />
    </UnitTest>
    <UnitTest name="Add2DoveSoapsThen2AxeDeosDoTax" storage="d:\work\inclusivity\shoppingcartdsouchon\unittestproject1\bin\debug\shoppingcartunittests.dll" id="9903294f-3469-dc3d-8a8f-ed913e007cbe">
      <Description>Given: • An empty shopping cart • And a product, Dove Soap with a unit price of 39.99 • And another product, Axe Deo with a unit price of 99.99 • And a tax rate of 12.5% When: • The user adds 2 Dove Soaps to the shopping cart • And then adds 2 Axe Deo’s to the shopping cart Then: • The shopping cart should contain 2 Dove Soaps each with a unit price of 39.99 • And the shopping cart should contain 2 Axe Deo’s each with a unit price of 99.99 • And the total tax amount should equal 35.00 • And the shopping cart’s total price should equal 314.96</Description>
      <Execution id="73fd1ae9-b6c8-4bdb-9029-99a1c385e824" />
      <TestMethod codeBase="D:/Work/inclusivity/ShoppingCartDSouchon/UnitTestProject1/bin/Debug/ShoppingCartUnitTests.DLL" adapterTypeName="Microsoft.VisualStudio.TestTools.TestTypes.Unit.UnitTestAdapter, Microsoft.VisualStudio.QualityTools.Tips.UnitTest.Adapter, Version=14.0.0.0, Culture=neutral, PublicKeyToken=b03f5f7f11d50a3a" className="UnitTestProject1.Tests, ShoppingCartUnitTests, Version=1.0.0.0, Culture=neutral, PublicKeyToken=null" name="Add2DoveSoapsThen2AxeDeosDoTax" />
    </UnitTest>
    <UnitTest name="Add2DoveSoapsThen2AxeDeosDoTaxUsingAddRange" storage="d:\work\inclusivity\shoppingcartdsouchon\unittestproject1\bin\debug\shoppingcartunittests.dll" id="0abba313-3e4a-16b0-58a1-98dd5173fede">
      <Description>Given: • An empty shopping cart • And a product, Dove Soap with a unit price of 39.99 • And another product, Axe Deo with a unit price of 99.99 • And a tax rate of 12.5% When: • The user adds 2 Dove Soaps to the shopping cart • And then adds 2 Axe Deo’s to the shopping cart Then: • The shopping cart should contain 2 Dove Soaps each with a unit price of 39.99 • And the shopping cart should contain 2 Axe Deo’s each with a unit price of 99.99 • And the total tax amount should equal 35.00 • And the shopping cart’s total price should equal 314.96</Description>
      <Execution id="71e915aa-1b78-45a9-9e04-84e5e8c6d8c6" />
      <TestMethod codeBase="D:/Work/inclusivity/ShoppingCartDSouchon/UnitTestProject1/bin/Debug/ShoppingCartUnitTests.DLL" adapterTypeName="Microsoft.VisualStudio.TestTools.TestTypes.Unit.UnitTestAdapter, Microsoft.VisualStudio.QualityTools.Tips.UnitTest.Adapter, Version=14.0.0.0, Culture=neutral, PublicKeyToken=b03f5f7f11d50a3a" className="UnitTestProject1.Tests, ShoppingCartUnitTests, Version=1.0.0.0, Culture=neutral, PublicKeyToken=null" name="Add2DoveSoapsThen2AxeDeosDoTaxUsingAddRange" />
    </UnitTest>
    <UnitTest name="Add2DoveSoapsRemoveOne" storage="d:\work\inclusivity\shoppingcartdsouchon\unittestproject1\bin\debug\shoppingcartunittests.dll" id="412f2acf-4b08-d7de-35f9-169ff3447c5b">
      <Description>Given: • An empty shopping cart • And a product, Dove Soap with a unit price of 39.99 When: • The user adds 2 Dove Soaps to the shopping cart • And then removes 1 Dove Soap from the shopping cart • The shopping cart should contain 1 Dove Soap with a Unit price of 39.99 • And the total tax amount should equal 35.00 • And the shopping cart’s total price should equal 314.96</Description>
      <Execution id="1535ad61-591d-4091-a8d2-64b282cd7778" />
      <TestMethod codeBase="D:/Work/inclusivity/ShoppingCartDSouchon/UnitTestProject1/bin/Debug/ShoppingCartUnitTests.DLL" adapterTypeName="Microsoft.VisualStudio.TestTools.TestTypes.Unit.UnitTestAdapter, Microsoft.VisualStudio.QualityTools.Tips.UnitTest.Adapter, Version=14.0.0.0, Culture=neutral, PublicKeyToken=b03f5f7f11d50a3a" className="UnitTestProject1.Tests, ShoppingCartUnitTests, Version=1.0.0.0, Culture=neutral, PublicKeyToken=null" name="Add2DoveSoapsRemoveOne" />
    </UnitTest>
    <UnitTest name="Add5DoveSoapsThen3DoveSoaps" storage="d:\work\inclusivity\shoppingcartdsouchon\unittestproject1\bin\debug\shoppingcartunittests.dll" id="6f60ddfd-831a-9cda-93b7-87eec2d5ebd5">
      <Description>Given:• An empty shopping cart • And a product, Dove Soap with a unit price of 39.99 When: • The user adds 5 Dove Soaps to the shopping cart • And then adds another 3 Dove Soaps to the shopping cart Then: • The shopping cart should contain 8 Dove Soaps each with a unit price of 39.99 • And the shopping cart’s total price should equal 319.92</Description>
      <Execution id="53d82799-091e-418c-9e55-73f008c643c2" />
      <TestMethod codeBase="D:/Work/inclusivity/ShoppingCartDSouchon/UnitTestProject1/bin/Debug/ShoppingCartUnitTests.DLL" adapterTypeName="Microsoft.VisualStudio.TestTools.TestTypes.Unit.UnitTestAdapter, Microsoft.VisualStudio.QualityTools.Tips.UnitTest.Adapter, Version=14.0.0.0, Culture=neutral, PublicKeyToken=b03f5f7f11d50a3a" className="UnitTestProject1.Tests, ShoppingCartUnitTests, Version=1.0.0.0, Culture=neutral, PublicKeyToken=null" name="Add5DoveSoapsThen3DoveSoaps" />
    </UnitTest>
  </TestDefinitions>
  <TestLists>
    <TestList name="Results Not in a List" id="8c84fa94-04c1-424b-9868-57a2d4851a1d" />
    <TestList name="All Loaded Results" id="19431567-8539-422a-85d7-44ee4e166bda" />
  </TestLists>
  <TestEntries>
    <TestEntry testId="412f2acf-4b08-d7de-35f9-169ff3447c5b" executionId="1535ad61-591d-4091-a8d2-64b282cd7778" testListId="8c84fa94-04c1-424b-9868-57a2d4851a1d" />
    <TestEntry testId="9903294f-3469-dc3d-8a8f-ed913e007cbe" executionId="73fd1ae9-b6c8-4bdb-9029-99a1c385e824" testListId="8c84fa94-04c1-424b-9868-57a2d4851a1d" />
    <TestEntry testId="0abba313-3e4a-16b0-58a1-98dd5173fede" executionId="71e915aa-1b78-45a9-9e04-84e5e8c6d8c6" testListId="8c84fa94-04c1-424b-9868-57a2d4851a1d" />
    <TestEntry testId="626fd4f1-02ee-0262-d72a-ee093c85720b" executionId="53d55d6d-f21b-4aee-9596-90e636e62576" testListId="8c84fa94-04c1-424b-9868-57a2d4851a1d" />
    <TestEntry testId="6f60ddfd-831a-9cda-93b7-87eec2d5ebd5" executionId="53d82799-091e-418c-9e55-73f008c643c2" testListId="8c84fa94-04c1-424b-9868-57a2d4851a1d" />
  </TestEntries>
  <Results>
    <UnitTestResult executionId="1535ad61-591d-4091-a8d2-64b282cd7778" testId="412f2acf-4b08-d7de-35f9-169ff3447c5b" testName="Add2DoveSoapsRemoveOne" computerName="DANIEL-INSPIRON" duration="00:00:00.0426742" startTime="2019-02-17T21:39:21.3572142+02:00" endTime="2019-02-17T21:39:21.7182662+02:00" testType="13cdc9d9-ddb5-4fa4-a97d-d965ccfc6d4b" outcome="Failed" testListId="8c84fa94-04c1-424b-9868-57a2d4851a1d" relativeResultsDirectory="1535ad61-591d-4091-a8d2-64b282cd7778">
      <Output>
        <ErrorInfo>
          <Message>Assert.AreEqual failed. Expected:&lt;35,00&gt;. Actual:&lt;5,00&gt;. </Message>
          <StackTrace>   at UnitTestProject1.Tests.Add2DoveSoapsRemoveOne() in D:\Work\inclusivity\ShoppingCartDSouchon\UnitTestProject1\Tests.cs:line 126
</StackTrace>
        </ErrorInfo>
      </Output>
    </UnitTestResult>
    <UnitTestResult executionId="73fd1ae9-b6c8-4bdb-9029-99a1c385e824" testId="9903294f-3469-dc3d-8a8f-ed913e007cbe" testName="Add2DoveSoapsThen2AxeDeosDoTax" computerName="DANIEL-INSPIRON" duration="00:00:00.0005786" startTime="2019-02-17T21:39:21.7222386+02:00" endTime="2019-02-17T21:39:21.7252319+02:00" testType="13cdc9d9-ddb5-4fa4-a97d-d965ccfc6d4b" outcome="Passed" testListId="8c84fa94-04c1-424b-9868-57a2d4851a1d" relativeResultsDirectory="73fd1ae9-b6c8-4bdb-9029-99a1c385e824">
    </UnitTestResult>
    <UnitTestResult executionId="71e915aa-1b78-45a9-9e04-84e5e8c6d8c6" testId="0abba313-3e4a-16b0-58a1-98dd5173fede" testName="Add2DoveSoapsThen2AxeDeosDoTaxUsingAddRange" computerName="DANIEL-INSPIRON" duration="00:00:00.0004466" startTime="2019-02-17T21:39:21.7322229+02:00" endTime="2019-02-17T21:39:21.7342287+02:00" testType="13cdc9d9-ddb5-4fa4-a97d-d965ccfc6d4b" outcome="Passed" testListId="8c84fa94-04c1-424b-9868-57a2d4851a1d" relativeResultsDirectory="71e915aa-1b78-45a9-9e04-84e5e8c6d8c6">
    </UnitTestResult>
    <UnitTestResult executionId="53d55d6d-f21b-4aee-9596-90e636e62576" testId="626fd4f1-02ee-0262-d72a-ee093c85720b" testName="Add5DoveSoaps" computerName="DANIEL-INSPIRON" duration="00:00:00.0004754" startTime="2019-02-17T21:39:21.7381949+02:00" endTime="2019-02-17T21:39:21.7412222+02:00" testType="13cdc9d9-ddb5-4fa4-a97d-d965ccfc6d4b" outcome="Passed" testListId="8c84fa94-04c1-424b-9868-57a2d4851a1d" relativeResultsDirectory="53d55d6d-f21b-4aee-9596-90e636e62576">
    </UnitTestResult>
    <UnitTestResult executionId="53d82799-091e-418c-9e55-73f008c643c2" testId="6f60ddfd-831a-9cda-93b7-87eec2d5ebd5" testName="Add5DoveSoapsThen3DoveSoaps" computerName="DANIEL-INSPIRON" duration="00:00:00.0001785" startTime="2019-02-17T21:39:21.7462020+02:00" endTime="2019-02-17T21:39:21.7481686+02:00" testType="13cdc9d9-ddb5-4fa4-a97d-d965ccfc6d4b" outcome="Passed" testListId="8c84fa94-04c1-424b-9868-57a2d4851a1d" relativeResultsDirectory="53d82799-091e-418c-9e55-73f008c643c2">
    </UnitTestResult>
  </Results>
</TestRun>