<?xml version="1.0" encoding="UTF-8"?>
<TestRun id="8d1599eb-e825-4321-9bc5-edc173e955a4" name="Daniel@DANIEL-INSPIRON 2019-02-17 21:27:55" runUser="DANIEL-INSPIRON\Daniel" xmlns="http://microsoft.com/schemas/VisualStudio/TeamTest/2010">
  <TestSettings name="Default Test Settings" id="bd2b19c4-56a6-40b9-9320-30b37db83e23">
    <Execution>
      <TestTypeSpecific />
      <AgentRule name="Execution Agents">
      </AgentRule>
    </Execution>
    <Deployment runDeploymentRoot="Daniel_DANIEL-INSPIRON 2019-02-17 21_27_55" />
    <Properties />
  </TestSettings>
  <Times creation="2019-02-17T21:27:55.9936844+02:00" queuing="2019-02-17T21:27:56.4016240+02:00" start="2019-02-17T21:27:56.5043184+02:00" finish="2019-02-17T21:27:56.8982964+02:00" />
  <ResultSummary outcome="Completed">
    <Counters total="3" executed="3" passed="3" error="0" failed="0" timeout="0" aborted="0" inconclusive="0" passedButRunAborted="0" notRunnable="0" notExecuted="0" disconnected="0" warning="0" completed="0" inProgress="0" pending="0" />
  </ResultSummary>
  <TestDefinitions>
    <UnitTest name="Add5DoveSoaps" storage="d:\work\inclusivity\shoppingcartdsouchon\unittestproject1\bin\debug\shoppingcartunittests.dll" id="626fd4f1-02ee-0262-d72a-ee093c85720b">
      <Description>Given:• An empty shopping cart • And a product, Dove Soap with a unit price of 39.99 When: • The user adds 5 Dove Soaps to the shopping cart Then: • The shopping cart should contain 5 Dove Soaps each with a unit price of 39.99 • And the shopping cart’s total price should equal 199.95</Description>
      <Execution id="e2cb210a-32cd-49fb-b84e-efa0cc606e62" />
      <TestMethod codeBase="D:/Work/inclusivity/ShoppingCartDSouchon/UnitTestProject1/bin/Debug/ShoppingCartUnitTests.DLL" adapterTypeName="Microsoft.VisualStudio.TestTools.TestTypes.Unit.UnitTestAdapter, Microsoft.VisualStudio.QualityTools.Tips.UnitTest.Adapter, Version=14.0.0.0, Culture=neutral, PublicKeyToken=b03f5f7f11d50a3a" className="UnitTestProject1.Tests, ShoppingCartUnitTests, Version=1.0.0.0, Culture=neutral, PublicKeyToken=null" name="Add5DoveSoaps" />
    </UnitTest>
    <UnitTest name="Add2DoveSoapsThen2AxeDeosDoTax" storage="d:\work\inclusivity\shoppingcartdsouchon\unittestproject1\bin\debug\shoppingcartunittests.dll" id="9903294f-3469-dc3d-8a8f-ed913e007cbe">
      <Description>Given: • An empty shopping cart • And a product, Dove Soap with a unit price of 39.99 • And another product, Axe Deo with a unit price of 99.99 • And a tax rate of 12.5% When: • The user adds 2 Dove Soaps to the shopping cart • And then adds 2 Axe Deo’s to the shopping cart Then: • The shopping cart should contain 2 Dove Soaps each with a unit price of 39.99 • And the shopping cart should contain 2 Axe Deo’s each with a unit price of 99.99 • And the total tax amount should equal 35.00 • And the shopping cart’s total price should equal 314.96</Description>
      <Execution id="42868e37-59e9-4cf9-baf2-42134f6abe5f" />
      <TestMethod codeBase="D:/Work/inclusivity/ShoppingCartDSouchon/UnitTestProject1/bin/Debug/ShoppingCartUnitTests.DLL" adapterTypeName="Microsoft.VisualStudio.TestTools.TestTypes.Unit.UnitTestAdapter, Microsoft.VisualStudio.QualityTools.Tips.UnitTest.Adapter, Version=14.0.0.0, Culture=neutral, PublicKeyToken=b03f5f7f11d50a3a" className="UnitTestProject1.Tests, ShoppingCartUnitTests, Version=1.0.0.0, Culture=neutral, PublicKeyToken=null" name="Add2DoveSoapsThen2AxeDeosDoTax" />
    </UnitTest>
    <UnitTest name="Add5DoveSoapsThen3DoveSoaps" storage="d:\work\inclusivity\shoppingcartdsouchon\unittestproject1\bin\debug\shoppingcartunittests.dll" id="6f60ddfd-831a-9cda-93b7-87eec2d5ebd5">
      <Description>Given:• An empty shopping cart • And a product, Dove Soap with a unit price of 39.99 When: • The user adds 5 Dove Soaps to the shopping cart • And then adds another 3 Dove Soaps to the shopping cart Then: • The shopping cart should contain 8 Dove Soaps each with a unit price of 39.99 • And the shopping cart’s total price should equal 319.92</Description>
      <Execution id="a0422970-2eca-4be8-b19e-c10d111e6df4" />
      <TestMethod codeBase="D:/Work/inclusivity/ShoppingCartDSouchon/UnitTestProject1/bin/Debug/ShoppingCartUnitTests.DLL" adapterTypeName="Microsoft.VisualStudio.TestTools.TestTypes.Unit.UnitTestAdapter, Microsoft.VisualStudio.QualityTools.Tips.UnitTest.Adapter, Version=14.0.0.0, Culture=neutral, PublicKeyToken=b03f5f7f11d50a3a" className="UnitTestProject1.Tests, ShoppingCartUnitTests, Version=1.0.0.0, Culture=neutral, PublicKeyToken=null" name="Add5DoveSoapsThen3DoveSoaps" />
    </UnitTest>
  </TestDefinitions>
  <TestLists>
    <TestList name="Results Not in a List" id="8c84fa94-04c1-424b-9868-57a2d4851a1d" />
    <TestList name="All Loaded Results" id="19431567-8539-422a-85d7-44ee4e166bda" />
  </TestLists>
  <TestEntries>
    <TestEntry testId="9903294f-3469-dc3d-8a8f-ed913e007cbe" executionId="42868e37-59e9-4cf9-baf2-42134f6abe5f" testListId="8c84fa94-04c1-424b-9868-57a2d4851a1d" />
    <TestEntry testId="626fd4f1-02ee-0262-d72a-ee093c85720b" executionId="e2cb210a-32cd-49fb-b84e-efa0cc606e62" testListId="8c84fa94-04c1-424b-9868-57a2d4851a1d" />
    <TestEntry testId="6f60ddfd-831a-9cda-93b7-87eec2d5ebd5" executionId="a0422970-2eca-4be8-b19e-c10d111e6df4" testListId="8c84fa94-04c1-424b-9868-57a2d4851a1d" />
  </TestEntries>
  <Results>
    <UnitTestResult executionId="42868e37-59e9-4cf9-baf2-42134f6abe5f" testId="9903294f-3469-dc3d-8a8f-ed913e007cbe" testName="Add2DoveSoapsThen2AxeDeosDoTax" computerName="DANIEL-INSPIRON" duration="00:00:00.0132092" startTime="2019-02-17T21:27:56.5362329+02:00" endTime="2019-02-17T21:27:56.8434131+02:00" testType="13cdc9d9-ddb5-4fa4-a97d-d965ccfc6d4b" outcome="Passed" testListId="8c84fa94-04c1-424b-9868-57a2d4851a1d" relativeResultsDirectory="42868e37-59e9-4cf9-baf2-42134f6abe5f">
    </UnitTestResult>
    <UnitTestResult executionId="e2cb210a-32cd-49fb-b84e-efa0cc606e62" testId="626fd4f1-02ee-0262-d72a-ee093c85720b" testName="Add5DoveSoaps" computerName="DANIEL-INSPIRON" duration="00:00:00.0004702" startTime="2019-02-17T21:27:56.8483979+02:00" endTime="2019-02-17T21:27:56.8514222+02:00" testType="13cdc9d9-ddb5-4fa4-a97d-d965ccfc6d4b" outcome="Passed" testListId="8c84fa94-04c1-424b-9868-57a2d4851a1d" relativeResultsDirectory="e2cb210a-32cd-49fb-b84e-efa0cc606e62">
    </UnitTestResult>
    <UnitTestResult executionId="a0422970-2eca-4be8-b19e-c10d111e6df4" testId="6f60ddfd-831a-9cda-93b7-87eec2d5ebd5" testName="Add5DoveSoapsThen3DoveSoaps" computerName="DANIEL-INSPIRON" duration="00:00:00.0001703" startTime="2019-02-17T21:27:56.8563788+02:00" endTime="2019-02-17T21:27:56.8583735+02:00" testType="13cdc9d9-ddb5-4fa4-a97d-d965ccfc6d4b" outcome="Passed" testListId="8c84fa94-04c1-424b-9868-57a2d4851a1d" relativeResultsDirectory="a0422970-2eca-4be8-b19e-c10d111e6df4">
    </UnitTestResult>
  </Results>
</TestRun>