<?xml version="1.0" encoding="UTF-8"?>
<TestRun id="98a96ca0-4d78-4919-a2ff-5342a48904b2" name="Daniel@DANIEL-INSPIRON 2019-02-17 21:41:05" runUser="DANIEL-INSPIRON\Daniel" xmlns="http://microsoft.com/schemas/VisualStudio/TeamTest/2010">
  <TestSettings name="Default Test Settings" id="40967b79-f13f-41eb-a98c-9f468c14b853">
    <Execution>
      <TestTypeSpecific />
      <AgentRule name="Execution Agents">
      </AgentRule>
    </Execution>
    <Deployment runDeploymentRoot="Daniel_DANIEL-INSPIRON 2019-02-17 21_41_05" />
    <Properties />
  </TestSettings>
  <Times creation="2019-02-17T21:41:05.5100821+02:00" queuing="2019-02-17T21:41:05.9189897+02:00" start="2019-02-17T21:41:06.0147340+02:00" finish="2019-02-17T21:41:06.4605698+02:00" />
  <ResultSummary outcome="Failed">
    <Counters total="5" executed="5" passed="4" error="0" failed="1" timeout="0" aborted="0" inconclusive="0" passedButRunAborted="0" notRunnable="0" notExecuted="0" disconnected="0" warning="0" completed="0" inProgress="0" pending="0" />
  </ResultSummary>
  <TestDefinitions>
    <UnitTest name="Add5DoveSoaps" storage="d:\work\inclusivity\shoppingcartdsouchon\unittestproject1\bin\debug\shoppingcartunittests.dll" id="626fd4f1-02ee-0262-d72a-ee093c85720b">
      <Description>Given:• An empty shopping cart • And a product, Dove Soap with a unit price of 39.99 When: • The user adds 5 Dove Soaps to the shopping cart Then: • The shopping cart should contain 5 Dove Soaps each with a unit price of 39.99 • And the shopping cart’s total price should equal 199.95</Description>
      <Execution id="26a8e55d-4ded-499c-9e0d-36ebb0c5432a" />
      <TestMethod codeBase="D:/Work/inclusivity/ShoppingCartDSouchon/UnitTestProject1/bin/Debug/ShoppingCartUnitTests.DLL" adapterTypeName="Microsoft.VisualStudio.TestTools.TestTypes.Unit.UnitTestAdapter, Microsoft.VisualStudio.QualityTools.Tips.UnitTest.Adapter, Version=14.0.0.0, Culture=neutral, PublicKeyToken=b03f5f7f11d50a3a" className="UnitTestProject1.Tests, ShoppingCartUnitTests, Version=1.0.0.0, Culture=neutral, PublicKeyToken=null" name="Add5DoveSoaps" />
    </UnitTest>
    <UnitTest name="Add2DoveSoapsThen2AxeDeosDoTax" storage="d:\work\inclusivity\shoppingcartdsouchon\unittestproject1\bin\debug\shoppingcartunittests.dll" id="9903294f-3469-dc3d-8a8f-ed913e007cbe">
      <Description>Given: • An empty shopping cart • And a product, Dove Soap with a unit price of 39.99 • And another product, Axe Deo with a unit price of 99.99 • And a tax rate of 12.5% When: • The user adds 2 Dove Soaps to the shopping cart • And then adds 2 Axe Deo’s to the shopping cart Then: • The shopping cart should contain 2 Dove Soaps each with a unit price of 39.99 • And the shopping cart should contain 2 Axe Deo’s each with a unit price of 99.99 • And the total tax amount should equal 35.00 • And the shopping cart’s total price should equal 314.96</Description>
      <Execution id="aa522f0f-806b-4626-a422-bbd88c7fcca1" />
      <TestMethod codeBase="D:/Work/inclusivity/ShoppingCartDSouchon/UnitTestProject1/bin/Debug/ShoppingCartUnitTests.DLL" adapterTypeName="Microsoft.VisualStudio.TestTools.TestTypes.Unit.UnitTestAdapter, Microsoft.VisualStudio.QualityTools.Tips.UnitTest.Adapter, Version=14.0.0.0, Culture=neutral, PublicKeyToken=b03f5f7f11d50a3a" className="UnitTestProject1.Tests, ShoppingCartUnitTests, Version=1.0.0.0, Culture=neutral, PublicKeyToken=null" name="Add2DoveSoapsThen2AxeDeosDoTax" />
    </UnitTest>
    <UnitTest name="Add2DoveSoapsThen2AxeDeosDoTaxUsingAddRange" storage="d:\work\inclusivity\shoppingcartdsouchon\unittestproject1\bin\debug\shoppingcartunittests.dll" id="0abba313-3e4a-16b0-58a1-98dd5173fede">
      <Description>Given: • An empty shopping cart • And a product, Dove Soap with a unit price of 39.99 • And another product, Axe Deo with a unit price of 99.99 • And a tax rate of 12.5% When: • The user adds 2 Dove Soaps to the shopping cart • And then adds 2 Axe Deo’s to the shopping cart Then: • The shopping cart should contain 2 Dove Soaps each with a unit price of 39.99 • And the shopping cart should contain 2 Axe Deo’s each with a unit price of 99.99 • And the total tax amount should equal 35.00 • And the shopping cart’s total price should equal 314.96</Description>
      <Execution id="77903f25-f8d2-48b4-853c-937003149a86" />
      <TestMethod codeBase="D:/Work/inclusivity/ShoppingCartDSouchon/UnitTestProject1/bin/Debug/ShoppingCartUnitTests.DLL" adapterTypeName="Microsoft.VisualStudio.TestTools.TestTypes.Unit.UnitTestAdapter, Microsoft.VisualStudio.QualityTools.Tips.UnitTest.Adapter, Version=14.0.0.0, Culture=neutral, PublicKeyToken=b03f5f7f11d50a3a" className="UnitTestProject1.Tests, ShoppingCartUnitTests, Version=1.0.0.0, Culture=neutral, PublicKeyToken=null" name="Add2DoveSoapsThen2AxeDeosDoTaxUsingAddRange" />
    </UnitTest>
    <UnitTest name="Add2DoveSoapsRemoveOne" storage="d:\work\inclusivity\shoppingcartdsouchon\unittestproject1\bin\debug\shoppingcartunittests.dll" id="412f2acf-4b08-d7de-35f9-169ff3447c5b">
      <Description>Given: • An empty shopping cart • And a product, Dove Soap with a unit price of 39.99 When: • The user adds 2 Dove Soaps to the shopping cart • And then removes 1 Dove Soap from the shopping cart • The shopping cart should contain 1 Dove Soap with a Unit price of 39.99 • And the total tax amount should equal 35.00 • And the shopping cart’s total price should equal 314.96</Description>
      <Execution id="c03f798e-4722-4a0c-98a1-96a698cafe5d" />
      <TestMethod codeBase="D:/Work/inclusivity/ShoppingCartDSouchon/UnitTestProject1/bin/Debug/ShoppingCartUnitTests.DLL" adapterTypeName="Microsoft.VisualStudio.TestTools.TestTypes.Unit.UnitTestAdapter, Microsoft.VisualStudio.QualityTools.Tips.UnitTest.Adapter, Version=14.0.0.0, Culture=neutral, PublicKeyToken=b03f5f7f11d50a3a" className="UnitTestProject1.Tests, ShoppingCartUnitTests, Version=1.0.0.0, Culture=neutral, PublicKeyToken=null" name="Add2DoveSoapsRemoveOne" />
    </UnitTest>
    <UnitTest name="Add5DoveSoapsThen3DoveSoaps" storage="d:\work\inclusivity\shoppingcartdsouchon\unittestproject1\bin\debug\shoppingcartunittests.dll" id="6f60ddfd-831a-9cda-93b7-87eec2d5ebd5">
      <Description>Given:• An empty shopping cart • And a product, Dove Soap with a unit price of 39.99 When: • The user adds 5 Dove Soaps to the shopping cart • And then adds another 3 Dove Soaps to the shopping cart Then: • The shopping cart should contain 8 Dove Soaps each with a unit price of 39.99 • And the shopping cart’s total price should equal 319.92</Description>
      <Execution id="c66b6508-5b8f-4eda-85d1-3ebdb96d096e" />
      <TestMethod codeBase="D:/Work/inclusivity/ShoppingCartDSouchon/UnitTestProject1/bin/Debug/ShoppingCartUnitTests.DLL" adapterTypeName="Microsoft.VisualStudio.TestTools.TestTypes.Unit.UnitTestAdapter, Microsoft.VisualStudio.QualityTools.Tips.UnitTest.Adapter, Version=14.0.0.0, Culture=neutral, PublicKeyToken=b03f5f7f11d50a3a" className="UnitTestProject1.Tests, ShoppingCartUnitTests, Version=1.0.0.0, Culture=neutral, PublicKeyToken=null" name="Add5DoveSoapsThen3DoveSoaps" />
    </UnitTest>
  </TestDefinitions>
  <TestLists>
    <TestList name="Results Not in a List" id="8c84fa94-04c1-424b-9868-57a2d4851a1d" />
    <TestList name="All Loaded Results" id="19431567-8539-422a-85d7-44ee4e166bda" />
  </TestLists>
  <TestEntries>
    <TestEntry testId="412f2acf-4b08-d7de-35f9-169ff3447c5b" executionId="c03f798e-4722-4a0c-98a1-96a698cafe5d" testListId="8c84fa94-04c1-424b-9868-57a2d4851a1d" />
    <TestEntry testId="9903294f-3469-dc3d-8a8f-ed913e007cbe" executionId="aa522f0f-806b-4626-a422-bbd88c7fcca1" testListId="8c84fa94-04c1-424b-9868-57a2d4851a1d" />
    <TestEntry testId="0abba313-3e4a-16b0-58a1-98dd5173fede" executionId="77903f25-f8d2-48b4-853c-937003149a86" testListId="8c84fa94-04c1-424b-9868-57a2d4851a1d" />
    <TestEntry testId="626fd4f1-02ee-0262-d72a-ee093c85720b" executionId="26a8e55d-4ded-499c-9e0d-36ebb0c5432a" testListId="8c84fa94-04c1-424b-9868-57a2d4851a1d" />
    <TestEntry testId="6f60ddfd-831a-9cda-93b7-87eec2d5ebd5" executionId="c66b6508-5b8f-4eda-85d1-3ebdb96d096e" testListId="8c84fa94-04c1-424b-9868-57a2d4851a1d" />
  </TestEntries>
  <Results>
    <UnitTestResult executionId="c03f798e-4722-4a0c-98a1-96a698cafe5d" testId="412f2acf-4b08-d7de-35f9-169ff3447c5b" testName="Add2DoveSoapsRemoveOne" computerName="DANIEL-INSPIRON" duration="00:00:00.0388509" startTime="2019-02-17T21:41:06.0466495+02:00" endTime="2019-02-17T21:41:06.3947181+02:00" testType="13cdc9d9-ddb5-4fa4-a97d-d965ccfc6d4b" outcome="Failed" testListId="8c84fa94-04c1-424b-9868-57a2d4851a1d" relativeResultsDirectory="c03f798e-4722-4a0c-98a1-96a698cafe5d">
      <Output>
        <ErrorInfo>
          <Message>Assert.AreEqual failed. Expected:&lt;314,96&gt;. Actual:&lt;44,99&gt;. </Message>
          <StackTrace>   at UnitTestProject1.Tests.Add2DoveSoapsRemoveOne() in D:\Work\inclusivity\ShoppingCartDSouchon\UnitTestProject1\Tests.cs:line 127
</StackTrace>
        </ErrorInfo>
      </Output>
    </UnitTestResult>
    <UnitTestResult executionId="aa522f0f-806b-4626-a422-bbd88c7fcca1" testId="9903294f-3469-dc3d-8a8f-ed913e007cbe" testName="Add2DoveSoapsThen2AxeDeosDoTax" computerName="DANIEL-INSPIRON" duration="00:00:00.0002582" startTime="2019-02-17T21:41:06.3997053+02:00" endTime="2019-02-17T21:41:06.4017010+02:00" testType="13cdc9d9-ddb5-4fa4-a97d-d965ccfc6d4b" outcome="Passed" testListId="8c84fa94-04c1-424b-9868-57a2d4851a1d" relativeResultsDirectory="aa522f0f-806b-4626-a422-bbd88c7fcca1">
    </UnitTestResult>
    <UnitTestResult executionId="77903f25-f8d2-48b4-853c-937003149a86" testId="0abba313-3e4a-16b0-58a1-98dd5173fede" testName="Add2DoveSoapsThen2AxeDeosDoTaxUsingAddRange" computerName="DANIEL-INSPIRON" duration="00:00:00.0006166" startTime="2019-02-17T21:41:06.4056904+02:00" endTime="2019-02-17T21:41:06.4087130+02:00" testType="13cdc9d9-ddb5-4fa4-a97d-d965ccfc6d4b" outcome="Passed" testListId="8c84fa94-04c1-424b-9868-57a2d4851a1d" relativeResultsDirectory="77903f25-f8d2-48b4-853c-937003149a86">
    </UnitTestResult>
    <UnitTestResult executionId="26a8e55d-4ded-499c-9e0d-36ebb0c5432a" testId="626fd4f1-02ee-0262-d72a-ee093c85720b" testName="Add5DoveSoaps" computerName="DANIEL-INSPIRON" duration="00:00:00.0004934" startTime="2019-02-17T21:41:06.4136993+02:00" endTime="2019-02-17T21:41:06.4166601+02:00" testType="13cdc9d9-ddb5-4fa4-a97d-d965ccfc6d4b" outcome="Passed" testListId="8c84fa94-04c1-424b-9868-57a2d4851a1d" relativeResultsDirectory="26a8e55d-4ded-499c-9e0d-36ebb0c5432a">
    </UnitTestResult>
    <UnitTestResult executionId="c66b6508-5b8f-4eda-85d1-3ebdb96d096e" testId="6f60ddfd-831a-9cda-93b7-87eec2d5ebd5" testName="Add5DoveSoapsThen3DoveSoaps" computerName="DANIEL-INSPIRON" duration="00:00:00.0001721" startTime="2019-02-17T21:41:06.4216475+02:00" endTime="2019-02-17T21:41:06.4226442+02:00" testType="13cdc9d9-ddb5-4fa4-a97d-d965ccfc6d4b" outcome="Passed" testListId="8c84fa94-04c1-424b-9868-57a2d4851a1d" relativeResultsDirectory="c66b6508-5b8f-4eda-85d1-3ebdb96d096e">
    </UnitTestResult>
  </Results>
</TestRun>